<?xml version="1.0" encoding="UTF-8"?>
<!-- Generated by org.testng.reporters.JUnitXMLReporter -->
<testsuite ignored="0" hostname="Gopi" failures="0" tests="6" name="Default test" time="86.811" errors="0" timestamp="2023-04-03T18:52:43 IST">
  <testcase classname="TestNGBasics.DataProvider" name="login" time="15.784"/>
  <testcase classname="TestNGBasics.DataProvider" name="login" time="11.846"/>
  <testcase classname="TestNGBasics.DataProvider" name="login" time="11.436"/>
  <testcase classname="TestNGBasics.DataProvider" name="loginUsingExcelData" time="17.813"/>
  <testcase classname="TestNGBasics.DataProvider" name="loginUsingExcelData" time="15.217"/>
  <testcase classname="TestNGBasics.DataProvider" name="loginUsingExcelData" time="13.314"/>
</testsuite> <!-- Default test -->
