<?xml version="1.0" encoding="UTF-8"?>
<testng-results ignored="0" total="6" passed="6" failed="0" skipped="0">
  <reporter-output>
  </reporter-output>
  <suite started-at="2023-04-03T18:51:16 IST" name="Default suite" finished-at="2023-04-03T18:52:43 IST" duration-ms="86811">
    <groups>
    </groups>
    <test started-at="2023-04-03T18:51:16 IST" name="Default test" finished-at="2023-04-03T18:52:43 IST" duration-ms="86811">
      <class name="TestNGBasics.DataProvider">
        <test-method signature="login(java.lang.String,java.lang.String)[pri:0, instance:TestNGBasics.DataProvider@77847718]" started-at="2023-04-03T18:51:16 IST" name="login" data-provider="getData" finished-at="2023-04-03T18:51:32 IST" duration-ms="15784" status="PASS">
          <params>
            <param index="0">
              <value>
                <![CDATA[Admin]]>
              </value>
            </param>
            <param index="1">
              <value>
                <![CDATA[admin123]]>
              </value>
            </param>
          </params>
          <reporter-output>
          </reporter-output>
        </test-method> <!-- login -->
        <test-method signature="login(java.lang.String,java.lang.String)[pri:0, instance:TestNGBasics.DataProvider@77847718]" started-at="2023-04-03T18:51:32 IST" name="login" data-provider="getData" finished-at="2023-04-03T18:51:44 IST" duration-ms="11846" status="PASS">
          <params>
            <param index="0">
              <value>
                <![CDATA[ajay]]>
              </value>
            </param>
            <param index="1">
              <value>
                <![CDATA[admin123]]>
              </value>
            </param>
          </params>
          <reporter-output>
          </reporter-output>
        </test-method> <!-- login -->
        <test-method signature="login(java.lang.String,java.lang.String)[pri:0, instance:TestNGBasics.DataProvider@77847718]" started-at="2023-04-03T18:51:44 IST" name="login" data-provider="getData" finished-at="2023-04-03T18:51:56 IST" duration-ms="11436" status="PASS">
          <params>
            <param index="0">
              <value>
                <![CDATA[hr]]>
              </value>
            </param>
            <param index="1">
              <value>
                <![CDATA[hr123]]>
              </value>
            </param>
          </params>
          <reporter-output>
          </reporter-output>
        </test-method> <!-- login -->
        <test-method signature="loginUsingExcelData(java.lang.String,java.lang.String)[pri:0, instance:TestNGBasics.DataProvider@77847718]" started-at="2023-04-03T18:51:57 IST" name="loginUsingExcelData" data-provider="getDataFromExcel" finished-at="2023-04-03T18:52:15 IST" duration-ms="17813" status="PASS">
          <params>
            <param index="0">
              <value>
                <![CDATA[admin]]>
              </value>
            </param>
            <param index="1">
              <value>
                <![CDATA[Admin123]]>
              </value>
            </param>
          </params>
          <reporter-output>
          </reporter-output>
        </test-method> <!-- loginUsingExcelData -->
        <test-method signature="loginUsingExcelData(java.lang.String,java.lang.String)[pri:0, instance:TestNGBasics.DataProvider@77847718]" started-at="2023-04-03T18:52:15 IST" name="loginUsingExcelData" data-provider="getDataFromExcel" finished-at="2023-04-03T18:52:30 IST" duration-ms="15217" status="PASS">
          <params>
            <param index="0">
              <value>
                <![CDATA[Praveen]]>
              </value>
            </param>
            <param index="1">
              <value>
                <![CDATA[Kumar]]>
              </value>
            </param>
          </params>
          <reporter-output>
          </reporter-output>
        </test-method> <!-- loginUsingExcelData -->
        <test-method signature="loginUsingExcelData(java.lang.String,java.lang.String)[pri:0, instance:TestNGBasics.DataProvider@77847718]" started-at="2023-04-03T18:52:30 IST" name="loginUsingExcelData" data-provider="getDataFromExcel" finished-at="2023-04-03T18:52:43 IST" duration-ms="13314" status="PASS">
          <params>
            <param index="0">
              <value>
                <![CDATA[Swarna]]>
              </value>
            </param>
            <param index="1">
              <value>
                <![CDATA[Sai]]>
              </value>
            </param>
          </params>
          <reporter-output>
          </reporter-output>
        </test-method> <!-- loginUsingExcelData -->
      </class> <!-- TestNGBasics.DataProvider -->
    </test> <!-- Default test -->
  </suite> <!-- Default suite -->
</testng-results>
